build/app/outputs/mapping/release/seeds.txt
com.example.ninety_two.MainActivity
com.example.ninety_two.MainActivity: MainActivity()
...
androidx.window.layout.HardwareFoldingFeature: java.lang.String toString()
io.flutter.embedding.engine.mutatorsstack.FlutterMutatorsStack: void pushClipRRect(int,int,int,int,float[])
io.flutter.embedding.engine.mutatorsstack.FlutterMutatorsStack: java.util.List mutators
androidx.window.embedding.ActivityFilter: android.content.ComponentName componentName
androidx.window.layout.WindowMetrics: android.graphics.Rect getBounds()
androidx.window.R$styleable: int[] SplitPlaceholderRule
androidx.window.embedding.ExtensionEmbeddingBackend$SplitListenerWrapper: ExtensionEmbeddingBackend$SplitListenerWrapper(android.app.Activity,java.util.concurrent.Executor,androidx.core.util.Consumer)
kotlin.jvm.internal.FunctionReference: boolean isInfix()
androidx.window.core.Version$Companion: androidx.window.core.Version getCURRENT()
io.flutter.embedding.engine.systemchannels.PlatformChannel$SystemUiOverlay: io.flutter.embedding.engine.systemchannels.PlatformChannel$SystemUiOverlay valueOf(java.lang.String)
androidx.window.embedding.ActivityRule: boolean equals(java.lang.Object)
androidx.window.layout.WindowMetricsCalculatorCompat: androidx.window.layout.WindowMetricsCalculatorCompat INSTANCE
io.flutter.plugins.imagepicker.ImagePickerFileProvider: ImagePickerFileProvider()
androidx.window.layout.WindowMetricsCalculator$Companion$reset$1: androidx.window.layout.WindowMetricsCalculator$Companion$reset$1 INSTANCE
androidx.window.embedding.SplitController: void registerRule(androidx.window.embedding.EmbeddingRule)
androidx.window.R$styleable: int SplitPairRule_clearTop
androidx.window.layout.HardwareFoldingFeature$Type
kotlinx.coroutines.DefaultExecutor: int debugStatus
io.flutter.embedding.engine.systemchannels.PlatformChannel$DeviceOrientation: io.flutter.embedding.engine.systemchannels.PlatformChannel$DeviceOrientation[] values()
androidx.window.embedding.SplitRule$Api30Impl: SplitRule$Api30Impl()
io.flutter.embedding.engine.mutatorsstack.FlutterMutatorsStack: FlutterMutatorsStack()
kotlin.coroutines.jvm.internal.BaseContinuationImpl: void resumeWith(java.lang.Object)
io.flutter.plugins.imagepicker.ImagePickerPlugin$LifeCycleObserver
androidx.window.embedding.SplitPairRule: boolean getFinishPrimaryWithSecondary()
androidx.window.embedding.EmbeddingInterfaceCompat
androidx.window.layout.SidecarWindowBackend$ExtensionListenerImpl: void onWindowLayoutChanged(android.app.Activity,androidx.window.layout.WindowLayoutInfo)
androidx.window.embedding.SplitInfo: androidx.window.embedding.ActivityStack primaryActivityStack
androidx.annotation.Keep
kotlin.jvm.internal.FunctionReference: boolean isSuspend()
androidx.window.embedding.MatcherUtils: MatcherUtils()
androidx.window.layout.WindowMetricsCalculatorCompat: WindowMetricsCalculatorCompat()
androidx.window.R$attr: int placeholderActivityName
androidx.window.embedding.SplitPairFilter: android.content.ComponentName getSecondaryActivityName()
io.flutter.embedding.android.FlutterActivityLaunchConfigs$BackgroundMode: io.flutter.embedding.android.FlutterActivityLaunchConfigs$BackgroundMode[] values()
io.flutter.plugin.editing.ImeSyncDeferringInsetsCallback: android.view.WindowInsetsAnimation$Callback getAnimationCallback()
io.flutter.plugin.platform.SingleViewPresentation: SingleViewPresentation(android.content.Context,android.view.Display,io.flutter.plugin.platform.PlatformViewFactory,io.flutter.plugin.platform.AccessibilityEventsDelegate,int,java.lang.Object,android.view.View$OnFocusChangeListener)
androidx.window.embedding.ExtensionEmbeddingBackend$EmbeddingCallbackImpl: void setLastInfo(java.util.List)
androidx.window.embedding.EmbeddingCompat$Companion: EmbeddingCompat$Companion(kotlin.jvm.internal.DefaultConstructorMarker)
kotlinx.coroutines.CancellableContinuationImpl
androidx.window.R$attr
androidx.window.layout.ExtensionWindowLayoutInfoBackend$MulticastConsumer: boolean isEmpty()