build/app/outputs/mapping/release/mapping.txt
# compiler: R8
# compiler_version: 2.1.62
# min_api: 16
# pg_map_id: d2b982f
# common_typos_disable
...
kotlin.jvm.internal.CallableReference$NoReceiver -> f.v.d.a$a:
    kotlin.jvm.internal.CallableReference$NoReceiver INSTANCE -> d
    kotlin.jvm.internal.CallableReference$NoReceiver access$000() -> a
kotlin.jvm.internal.ClassBasedDeclarationContainer -> f.v.d.b:
    java.lang.Class getJClass() -> b
kotlin.jvm.internal.ClassReference -> f.v.d.c:
    java.util.HashMap classFqNames -> i
    java.util.HashMap primitiveWrapperFqNames -> h
    java.util.HashMap primitiveFqNames -> g
    kotlin.jvm.internal.ClassReference$Companion Companion -> e
    java.util.Map simpleNames -> j
    java.util.Map FUNCTION_CLASSES -> f
    java.lang.Class jClass -> d
    java.lang.String getSimpleName() -> a
    java.lang.Class getJClass() -> b
    java.util.Map access$getSimpleNames$cp() -> c
kotlin.jvm.internal.ClassReference$Companion -> f.v.d.c$a:
    java.lang.String getClassSimpleName(java.lang.Class) -> a
kotlin.jvm.internal.CollectionToArray -> f.v.d.d:
    java.lang.Object[] EMPTY -> a
    java.lang.Object[] toArray(java.util.Collection) -> a
    java.lang.Object[] toArray(java.util.Collection,java.lang.Object[]) -> b
kotlin.jvm.internal.DefaultConstructorMarker -> f.v.d.e:
kotlin.jvm.internal.FunctionBase -> f.v.d.f:
kotlin.jvm.internal.FunctionReference -> f.v.d.g:
kotlin.jvm.internal.FunctionReferenceImpl -> f.v.d.h:
kotlin.jvm.internal.Intrinsics -> f.v.d.i:
    boolean areEqual(java.lang.Object,java.lang.Object) -> a
    void checkNotNull(java.lang.Object) -> b
    void checkNotNullExpressionValue(java.lang.Object,java.lang.String) -> c
    void checkNotNullParameter(java.lang.Object,java.lang.String) -> d
    int compare(int,int) -> e
    java.lang.String createParameterIsNullExceptionMessage(java.lang.String) -> f
    java.lang.Throwable sanitizeStackTrace(java.lang.Throwable) -> g
    java.lang.Throwable sanitizeStackTrace(java.lang.Throwable,java.lang.String) -> h
    java.lang.String stringPlus(java.lang.String,java.lang.Object) -> i
    void throwJavaNpe() -> j
    void throwParameterIsNullNPE(java.lang.String) -> k
    void throwUninitializedProperty(java.lang.String) -> l
    void throwUninitializedPropertyAccessException(java.lang.String) -> m
kotlin.jvm.internal.Lambda -> f.v.d.j:
kotlin.jvm.internal.PackageReference -> f.v.d.k:
    java.lang.Class jClass -> d
    java.lang.Class getJClass() -> b
kotlin.jvm.internal.Reflection -> f.v.d.l:
    kotlin.reflect.KClass[] EMPTY_K_CLASS_ARRAY -> b
    kotlin.jvm.internal.ReflectionFactory factory -> a
    kotlin.reflect.KFunction function(kotlin.jvm.internal.FunctionReference) -> a
    kotlin.reflect.KClass getOrCreateKotlinClass(java.lang.Class) -> b
    kotlin.reflect.KDeclarationContainer getOrCreateKotlinPackage(java.lang.Class) -> c
    java.lang.String renderLambdaToString(kotlin.jvm.internal.FunctionBase) -> d
    java.lang.String renderLambdaToString(kotlin.jvm.internal.Lambda) -> e
kotlin.jvm.internal.ReflectionFactory -> f.v.d.m:
    kotlin.reflect.KFunction function(kotlin.jvm.internal.FunctionReference) -> a
    kotlin.reflect.KClass getOrCreateKotlinClass(java.lang.Class) -> b
    kotlin.reflect.KDeclarationContainer getOrCreateKotlinPackage(java.lang.Class,java.lang.String) -> c
    java.lang.String renderLambdaToString(kotlin.jvm.internal.FunctionBase) -> d
    java.lang.String renderLambdaToString(kotlin.jvm.internal.Lambda) -> e
kotlin.jvm.internal.TypeIntrinsics -> f.v.d.n:
    java.lang.Object beforeCheckcastToFunctionOfArity(java.lang.Object,int) -> a
    int getFunctionArity(java.lang.Object) -> b
    boolean isFunctionOfArity(java.lang.Object,int) -> c
    java.lang.Throwable sanitizeStackTrace(java.lang.Throwable) -> d
    java.lang.ClassCastException throwCce(java.lang.ClassCastException) -> e
    void throwCce(java.lang.Object,java.lang.String) -> f
    void throwCce(java.lang.String) -> g
kotlin.random.AbstractPlatformRandom -> f.w.a:
    int nextInt() -> b
    java.util.Random getImpl() -> c