build/app/outputs/mapping/release/usage.txt
com.example.ninety_two.R$style
com.example.ninety_two.BuildConfig
com.example.ninety_two.R$string
com.example.ninety_two.R$attr
com.example.ninety_two.R$mipmap
com.example.ninety_two.R$integer
com.example.ninety_two.R$styleable
com.example.ninety_two.R
com.example.ninety_two.R$dimen
com.example.ninety_two.R$id
com.example.ninety_two.R$drawable
com.example.ninety_two.R$layout
com.example.ninety_two.R$xml
com.example.ninety_two.R$color
...
androidx.core.app.ShareCompat$IntentBuilder
androidx.fragment.app.FragmentManagerNonConfig
com.google.common.collect.MultimapBuilder$2
com.google.common.graph.AbstractNetwork$3
javax.annotation.meta.When
com.google.common.base.Stopwatch$1
com.google.common.graph.Traverser$GraphTraverser$3
com.google.common.util.concurrent.ServiceManager$ServiceManagerState$2
io.flutter.embedding.engine.plugins.broadcastreceiver.BroadcastReceiverPluginBinding:
    public abstract android.content.BroadcastReceiver getBroadcastReceiver()
kotlinx.coroutines.channels.ChannelsKt__DeprecatedKt$consumes$1
androidx.core.view.MenuItemCompat
kotlin.ULong$Companion
com.google.common.util.concurrent.AggregateFutureState
kotlin.ranges.IntRange:
    public boolean contains(int)
    public synthetic bridge java.lang.Comparable getStart()
    public synthetic bridge java.lang.Comparable getEndInclusive()
    public synthetic bridge boolean contains(java.lang.Comparable)
com.google.common.collect.EnumMultiset$2$1
kotlin.collections.IndexingIterator
com.google.errorprone.annotations.MustBeClosed
androidx.loader.content.Loader$OnLoadCompleteListener
com.google.common.collect.ImmutableSortedMultiset$Builder
com.google.common.util.concurrent.Striped$PowerOfTwoStriped
com.google.common.base.Predicates$NotPredicate
androidx.core.view.GestureDetectorCompat$GestureDetectorCompatImplBase
com.google.common.collect.ImmutableSortedMultiset
kotlin.streams.jdk8.StreamsKt$asSequence$$inlined$Sequence$3
com.google.j2objc.annotations.J2ObjCIncompatible
kotlinx.coroutines.flow.FlowKt__BuildersKt$flowOf$$inlined$unsafeFlow$2
org.intellij.lang.annotations.JdkConstants$BoxLayoutAxis
kotlinx.coroutines.channels.ConflatedBroadcastChannel$State
androidx.core.widget.AutoSizeableTextView
com.google.common.collect.ImmutableRangeMap
kotlinx.coroutines.channels.AbstractChannel$onReceiveCatching$1
androidx.versionedparcelable.VersionedParcelStream
androidx.core.view.inputmethod.EditorInfoCompat
kotlinx.coroutines.channels.ChannelsKt__DeprecatedKt$filterNot$1
com.google.common.util.concurrent.ListenableFuture
com.google.common.collect.Collections2$OrderedPermutationIterator
kotlinx.coroutines.CancelFutureOnCompletion
kotlinx.coroutines.flow.FlowKt__ErrorsKt$catchImpl$$inlined$collect$1$1
kotlin.jvm.internal.PropertyReference0Impl
com.google.common.util.concurrent.AggregateFutureState$AtomicHelper
com.google.common.base.Predicates$IsEqualToPredicate
com.google.common.collect.LinkedListMultimap$NodeIterator
kotlinx.coroutines.flow.FlowKt__TransformKt$map$$inlined$unsafeTransform$1$1
com.google.common.util.concurrent.AbstractExecutionThreadService$1$2
com.google.common.io.BaseEncoding$Alphabet
com.google.common.collect.Maps$FilteredEntryNavigableMap
com.google.common.reflect.Types$JavaVersion$2
com.google.common.cache.CacheLoader$UnsupportedLoadingOperationException
com.google.common.util.concurrent.FuturesGetChecked$GetCheckedTypeValidator
kotlin.jvm.internal.CallableReference$NoReceiver:
    private java.lang.Object readResolve()
androidx.viewpager.widget.ViewPager$4
kotlin.collections.AbstractSet
com.google.common.cache.LocalCache$WeakValueReference
com.google.common.collect.Iterables$3
com.google.common.collect.StandardTable$TableSet
com.google.common.graph.AbstractBaseGraph
kotlin.DeepRecursiveScopeImpl$crossFunctionCompletion$$inlined$Continuation$1
kotlinx.coroutines.ThreadState
kotlinx.coroutines.flow.FlowKt__EmittersKt$onCompletion$$inlined$unsafeFlow$1
com.google.common.io.Files$FilePredicate$2
kotlinx.coroutines.flow.FlowKt__DelayKt$sample$2$1$2
org.codehaus.mojo.animal_sniffer.IgnoreJRERequirement
androidx.core.view.KeyEventDispatcher$Component
kotlinx.coroutines.ExperimentalCoroutinesApi
kotlinx.coroutines.flow.FlowKt__ZipKt$combine$$inlined$unsafeFlow$2
com.google.common.util.concurrent.AbstractScheduledService$Scheduler$2
kotlin.NumbersKt
kotlinx.coroutines.flow.FlowKt__CountKt$count$$inlined$collect$2
com.google.common.collect.ConcurrentHashMultiset$3